<?xml version="1.0" encoding="UTF-8"?>
<Site BuildName="(empty)"
	BuildStamp="20240528-0524-Experimental"
	Name="(empty)"
	Generator="ctest-3.29.3"
	CompilerName=""
	CompilerVersion=""
	OSName="Linux"
	Hostname="Piglet"
	OSRelease="6.9.1-arch1-1"
	OSVersion="#1 SMP PREEMPT_DYNAMIC Fri, 17 May 2024 16:56:38 +0000"
	OSPlatform="x86_64"
	Is64Bits="1"
	VendorString="AuthenticAMD"
	VendorID="Advanced Micro Devices"
	FamilyID="23"
	ModelID="104"
	ProcessorCacheSize="512"
	NumberOfLogicalCPU="16"
	NumberOfPhysicalCPU="8"
	TotalVirtualMemory="3"
	TotalPhysicalMemory="15311"
	LogicalProcessorsPerPhysical="2"
	ProcessorClockFrequency="1905.35"
	>
	<Testing>
		<StartDateTime>May 28 01:48 EDT</StartDateTime>
		<StartTestTime>1716875307</StartTestTime>
		<TestList/>
		<EndDateTime>May 28 01:48 EDT</EndDateTime>
		<EndTestTime>1716875307</EndTestTime>
		<ElapsedMinutes>0</ElapsedMinutes>
	</Testing>
</Site>
